#
# A fatal error has been detected by the Java Runtime Environment:
#
#  EXCEPTION_ACCESS_VIOLATION (0xc0000005) at pc=0x000000006a00b5bb, pid=8604, tid=10148
#
# JRE version: Java(TM) SE Runtime Environment (10.0.2+13) (build 10.0.2+13)
# Java VM: Java HotSpot(TM) 64-Bit Server VM (10.0.2+13, mixed mode, tiered, compressed oops, g1 gc, windows-amd64)
# Problematic frame:
# C  [jSSC-2.6_x86_64.dll+0xb5bb]
#
# No core dump will be written. Minidumps are not enabled by default on client versions of Windows
#
# If you would like to submit a bug report, please visit:
#   http://bugreport.java.com/bugreport/crash.jsp
# The crash happened outside the Java Virtual Machine in native code.
# See problematic frame for where to report the bug.
#

---------------  S U M M A R Y ------------

Command Line: -Dfile.encoding=windows-1250 D:\Studia\Sem. 7\Multimedia\v01\dist\visca.jar COM5

Host: Intel(R) Core(TM) i5-4200H CPU @ 2.80GHz, 4 cores, 7G,  Windows 10 , 64 bit Build 17134 (10.0.17134.1)
Time: Fri Nov 09 11:56:30 2018 ?rodkowoeuropejski czas stand. elapsed time: 0 seconds (0d 0h 0m 0s)

---------------  T H R E A D  ---------------

Current thread (0x000002988864d800):  JavaThread "main" [_thread_in_native, id=10148, stack(0x000000e7d6800000,0x000000e7d6900000)]

Stack: [0x000000e7d6800000,0x000000e7d6900000],  sp=0x000000e7d68ff580,  free space=1021k
Native frames: (J=compiled Java code, j=interpreted, Vv=VM code, C=native code)
C  [jSSC-2.6_x86_64.dll+0xb5bb]

Java frames: (J=compiled Java code, j=interpreted, Vv=VM code)
j  jssc.SerialNativeInterface.openPort(Ljava/lang/String;Z)J+0
j  jssc.SerialPort.openPort()Z+65
j  pl.edu.agh.kis.visca.Main.main([Ljava/lang/String;)V+14
v  ~StubRoutines::call_stub

siginfo: EXCEPTION_ACCESS_VIOLATION (0xc0000005), reading address 0xffffffff8681b7f8


Register to memory mapping:

RIP=0x000000006a00b5bb jSSC-2.6_x86_64.dll
RAX=0xffffffff8681b7f8 is an unknown value
RBX=0x000000e7d68ff5f0 is pointing into the stack for thread: 0x000002988864d800
RCX=0x00007ff9c53ba0d4 ntdll.dll
RDX=0x0000000000000000 is an unknown value
RSP=0x000000e7d68ff580 is pointing into the stack for thread: 0x000002988864d800
RBP=0x000000e7d68ff700 is pointing into the stack for thread: 0x000002988864d800
RSI=0xfffffffffffffffc is an unknown value
RDI=0x00000000000004e4 is an unknown value
R8 =0x000000e7d68ff478 is pointing into the stack for thread: 0x000002988864d800
R9 =0x000000e7d68ff570 is pointing into the stack for thread: 0x000002988864d800
R10=0x0000000000000000 is an unknown value
R11=0x0000000000000246 is an unknown value
R12=0x000000e7d68ff7c0 is pointing into the stack for thread: 0x000002988864d800
R13=0x00000298aa4e3300 is an unknown value
R14=0x000000e7d68ff6b0 is pointing into the stack for thread: 0x000002988864d800
R15=0x000002988864d800 is a thread


Registers:
RAX=0xffffffff8681b7f8, RBX=0x000000e7d68ff5f0, RCX=0x00007ff9c53ba0d4, RDX=0x0000000000000000
RSP=0x000000e7d68ff580, RBP=0x000000e7d68ff700, RSI=0xfffffffffffffffc, RDI=0x00000000000004e4
R8 =0x000000e7d68ff478, R9 =0x000000e7d68ff570, R10=0x0000000000000000, R11=0x0000000000000246
R12=0x000000e7d68ff7c0, R13=0x00000298aa4e3300, R14=0x000000e7d68ff6b0, R15=0x000002988864d800
RIP=0x000000006a00b5bb, EFLAGS=0x0000000000010202

Top of Stack: (sp=0x000000e7d68ff580)
0x000000e7d68ff580:   000000e7d68ff5a8 00007ff900000000
0x000000e7d68ff590:   000000006a00b210 00007ff9c5330428
0x000000e7d68ff5a0:   00000298aa4e3300 0000000000000004
0x000000e7d68ff5b0:   fffffffffffffffc 00000000000004e4
0x000000e7d68ff5c0:   000000e7d68ff700 000000006a012570
0x000000e7d68ff5d0:   000000e7d68ff630 000000e7d68ff7c0
0x000000e7d68ff5e0:   00000298aa4e31b0 0000000000000000
0x000000e7d68ff5f0:   00000000000004e4 00007ff9c22f4847
0x000000e7d68ff600:   000002988864d800 000000e7d68ff6b0
0x000000e7d68ff610:   00000298aa4e3300 000002988864da70
0x000000e7d68ff620:   000000006a0134e0 000000006a013bc8
0x000000e7d68ff630:   000000e7d68ff660 000000006a012621
0x000000e7d68ff640:   000000e7d68ff5d0 0000000040000000
0x000000e7d68ff650:   0000000000000000 0000000000000000
0x000000e7d68ff660:   000000e7d68ff700 000000006a00157c
0x000000e7d68ff670:   000000000000001c 000002988864da70 

Instructions: (pc=0x000000006a00b5bb)
0x000000006a00b59b:   c5 0f 1f 40 00 55 57 56 53 48 83 ec 28 48 8b 05
0x000000006a00b5ab:   59 33 01 00 48 89 cb 48 85 c0 0f 84 c5 00 00 00
0x000000006a00b5bb:   8b 38 85 ff 0f 88 ab 00 00 00 48 8b 05 3c 33 01
0x000000006a00b5cb:   00 48 85 c0 0f 84 bc 00 00 00 8b 30 85 f6 74 57 



---------------  P R O C E S S  ---------------

Threads class SMR info:
_java_thread_list=0x00000298aa4e3d20, length=11, elements={
0x000002988864d800, 0x00000298a99ec800, 0x00000298a99f5800, 0x00000298aa382800,
0x00000298aa383000, 0x00000298a9a08000, 0x00000298a9a0b000, 0x00000298a9a11000,
0x00000298a9a1a000, 0x00000298aa526800, 0x00000298aa52a800
}

Java Threads: ( => current thread )
=>0x000002988864d800 JavaThread "main" [_thread_in_native, id=10148, stack(0x000000e7d6800000,0x000000e7d6900000)]
  0x00000298a99ec800 JavaThread "Reference Handler" daemon [_thread_blocked, id=12712, stack(0x000000e7d7500000,0x000000e7d7600000)]
  0x00000298a99f5800 JavaThread "Finalizer" daemon [_thread_blocked, id=4468, stack(0x000000e7d7600000,0x000000e7d7700000)]
  0x00000298aa382800 JavaThread "Signal Dispatcher" daemon [_thread_blocked, id=9764, stack(0x000000e7d7700000,0x000000e7d7800000)]
  0x00000298aa383000 JavaThread "Attach Listener" daemon [_thread_blocked, id=6956, stack(0x000000e7d7800000,0x000000e7d7900000)]
  0x00000298a9a08000 JavaThread "C2 CompilerThread0" daemon [_thread_blocked, id=12520, stack(0x000000e7d7900000,0x000000e7d7a00000)]
  0x00000298a9a0b000 JavaThread "C2 CompilerThread1" daemon [_thread_blocked, id=10988, stack(0x000000e7d7a00000,0x000000e7d7b00000)]
  0x00000298a9a11000 JavaThread "C1 CompilerThread2" daemon [_thread_blocked, id=8968, stack(0x000000e7d7b00000,0x000000e7d7c00000)]
  0x00000298a9a1a000 JavaThread "Sweeper thread" daemon [_thread_blocked, id=13492, stack(0x000000e7d7c00000,0x000000e7d7d00000)]
  0x00000298aa526800 JavaThread "Service Thread" daemon [_thread_blocked, id=4388, stack(0x000000e7d7d00000,0x000000e7d7e00000)]
  0x00000298aa52a800 JavaThread "Common-Cleaner" daemon [_thread_blocked, id=10500, stack(0x000000e7d7e00000,0x000000e7d7f00000)]

Other Threads:
  0x00000298a99d7000 VMThread "VM Thread" [stack: 0x000000e7d7400000,0x000000e7d7500000] [id=8232]
  0x00000298aa52c000 WatcherThread [stack: 0x000000e7d7f00000,0x000000e7d8000000] [id=7344]
  0x0000029888665800 GCTaskThread "GC Thread#0" [stack: 0x000000e7d6900000,0x000000e7d6a00000] [id=10412]
  0x0000029888668000 GCTaskThread "GC Thread#1" [stack: 0x000000e7d6a00000,0x000000e7d6b00000] [id=6920]
  0x000002988866b000 GCTaskThread "GC Thread#2" [stack: 0x000000e7d6b00000,0x000000e7d6c00000] [id=7332]
  0x000002988866e000 GCTaskThread "GC Thread#3" [stack: 0x000000e7d6c00000,0x000000e7d6d00000] [id=7928]
  0x00000298886de000 ConcurrentGCThread "G1 Main Marker" [stack: 0x000000e7d6d00000,0x000000e7d6e00000] [id=10964]
  0x00000298886e1000 ConcurrentGCThread "G1 Conc#0" [stack: 0x000000e7d6e00000,0x000000e7d6f00000] [id=6632]
  0x00000298a986b800 ConcurrentGCThread "G1 Refine#0" [stack: 0x000000e7d6f00000,0x000000e7d7000000] [id=4816]
  0x000002988872d800 ConcurrentGCThread "G1 Refine#1" [stack: 0x000000e7d7000000,0x000000e7d7100000] [id=2084]
  0x000002988872e000 ConcurrentGCThread "G1 Refine#2" [stack: 0x000000e7d7100000,0x000000e7d7200000] [id=13064]
  0x00000298a986d000 ConcurrentGCThread "G1 Refine#3" [stack: 0x000000e7d7200000,0x000000e7d7300000] [id=10876]
  0x00000298a9870000 ConcurrentGCThread "G1 Young RemSet Sampling" [stack: 0x000000e7d7300000,0x000000e7d7400000] [id=7660]

Threads with active compile tasks:

VM state:not at safepoint (normal execution)

VM Mutex/Monitor currently owned by a thread: None

Heap address: 0x0000000081c00000, size: 2020 MB, Compressed Oops mode: 32-bit
Narrow klass base: 0x0000000000000000, Narrow klass shift: 3
Compressed class space size: 1073741824 Address: 0x0000000100000000

Heap:
 garbage-first heap   total 131072K, used 1024K [0x0000000081c00000, 0x0000000100000000)
  region size 1024K, 2 young (2048K), 0 survivors (0K)
 Metaspace       used 4921K, capacity 5008K, committed 5120K, reserved 1056768K
  class space    used 417K, capacity 432K, committed 512K, reserved 1048576K
Heap Regions: E=young(eden), S=young(survivor), O=old, HS=humongous(starts), HC=humongous(continues), CS=collection set, F=free, A=archive, TS=gc time stamp, AC=allocation context, TAMS=top-at-mark-start (previous, next)
|   0|0x0000000081c00000, 0x0000000081c00000, 0x0000000081d00000|  0%| F|  |TS  0|AC  0|TAMS 0x0000000081c00000, 0x0000000081c00000|
|   1|0x0000000081d00000, 0x0000000081d00000, 0x0000000081e00000|  0%| F|  |TS  0|AC  0|TAMS 0x0000000081d00000, 0x0000000081d00000|
|   2|0x0000000081e00000, 0x0000000081e00000, 0x0000000081f00000|  0%| F|  |TS  0|AC  0|TAMS 0x0000000081e00000, 0x0000000081e00000|
|   3|0x0000000081f00000, 0x0000000081f00000, 0x0000000082000000|  0%| F|  |TS  0|AC  0|TAMS 0x0000000081f00000, 0x0000000081f00000|
|   4|0x0000000082000000, 0x0000000082000000, 0x0000000082100000|  0%| F|  |TS  0|AC  0|TAMS 0x0000000082000000, 0x0000000082000000|
|   5|0x0000000082100000, 0x0000000082100000, 0x0000000082200000|  0%| F|  |TS  0|AC  0|TAMS 0x0000000082100000, 0x0000000082100000|
|   6|0x0000000082200000, 0x0000000082200000, 0x0000000082300000|  0%| F|  |TS  0|AC  0|TAMS 0x0000000082200000, 0x0000000082200000|
|   7|0x0000000082300000, 0x0000000082300000, 0x0000000082400000|  0%| F|  |TS  0|AC  0|TAMS 0x0000000082300000, 0x0000000082300000|
|   8|0x0000000082400000, 0x0000000082400000, 0x0000000082500000|  0%| F|  |TS  0|AC  0|TAMS 0x0000000082400000, 0x0000000082400000|
|   9|0x0000000082500000, 0x0000000082500000, 0x0000000082600000|  0%| F|  |TS  0|AC  0|TAMS 0x0000000082500000, 0x0000000082500000|
|  10|0x0000000082600000, 0x0000000082600000, 0x0000000082700000|  0%| F|  |TS  0|AC  0|TAMS 0x0000000082600000, 0x0000000082600000|
|  11|0x0000000082700000, 0x0000000082700000, 0x0000000082800000|  0%| F|  |TS  0|AC  0|TAMS 0x0000000082700000, 0x0000000082700000|
|  12|0x0000000082800000, 0x0000000082800000, 0x0000000082900000|  0%| F|  |TS  0|AC  0|TAMS 0x0000000082800000, 0x0000000082800000|
|  13|0x0000000082900000, 0x0000000082900000, 0x0000000082a00000|  0%| F|  |TS  0|AC  0|TAMS 0x0000000082900000, 0x0000000082900000|
|  14|0x0000000082a00000, 0x0000000082a00000, 0x0000000082b00000|  0%| F|  |TS  0|AC  0|TAMS 0x0000000082a00000, 0x0000000082a00000|
|  15|0x0000000082b00000, 0x0000000082b00000, 0x0000000082c00000|  0%| F|  |TS  0|AC  0|TAMS 0x0000000082b00000, 0x0000000082b00000|
|  16|0x0000000082c00000, 0x0000000082c00000, 0x0000000082d00000|  0%| F|  |TS  0|AC  0|TAMS 0x0000000082c00000, 0x0000000082c00000|
|  17|0x0000000082d00000, 0x0000000082d00000, 0x0000000082e00000|  0%| F|  |TS  0|AC  0|TAMS 0x0000000082d00000, 0x0000000082d00000|
|  18|0x0000000082e00000, 0x0000000082e00000, 0x0000000082f00000|  0%| F|  |TS  0|AC  0|TAMS 0x0000000082e00000, 0x0000000082e00000|
|  19|0x0000000082f00000, 0x0000000082f00000, 0x0000000083000000|  0%| F|  |TS  0|AC  0|TAMS 0x0000000082f00000, 0x0000000082f00000|
|  20|0x0000000083000000, 0x0000000083000000, 0x0000000083100000|  0%| F|  |TS  0|AC  0|TAMS 0x0000000083000000, 0x0000000083000000|
|  21|0x0000000083100000, 0x0000000083100000, 0x0000000083200000|  0%| F|  |TS  0|AC  0|TAMS 0x0000000083100000, 0x0000000083100000|
|  22|0x0000000083200000, 0x0000000083200000, 0x0000000083300000|  0%| F|  |TS  0|AC  0|TAMS 0x0000000083200000, 0x0000000083200000|
|  23|0x0000000083300000, 0x0000000083300000, 0x0000000083400000|  0%| F|  |TS  0|AC  0|TAMS 0x0000000083300000, 0x0000000083300000|
|  24|0x0000000083400000, 0x0000000083400000, 0x0000000083500000|  0%| F|  |TS  0|AC  0|TAMS 0x0000000083400000, 0x0000000083400000|
|  25|0x0000000083500000, 0x0000000083500000, 0x0000000083600000|  0%| F|  |TS  0|AC  0|TAMS 0x0000000083500000, 0x0000000083500000|
|  26|0x0000000083600000, 0x0000000083600000, 0x0000000083700000|  0%| F|  |TS  0|AC  0|TAMS 0x0000000083600000, 0x0000000083600000|
|  27|0x0000000083700000, 0x0000000083700000, 0x0000000083800000|  0%| F|  |TS  0|AC  0|TAMS 0x0000000083700000, 0x0000000083700000|
|  28|0x0000000083800000, 0x0000000083800000, 0x0000000083900000|  0%| F|  |TS  0|AC  0|TAMS 0x0000000083800000, 0x0000000083800000|
|  29|0x0000000083900000, 0x0000000083900000, 0x0000000083a00000|  0%| F|  |TS  0|AC  0|TAMS 0x0000000083900000, 0x0000000083900000|
|  30|0x0000000083a00000, 0x0000000083a00000, 0x0000000083b00000|  0%| F|  |TS  0|AC  0|TAMS 0x0000000083a00000, 0x0000000083a00000|
|  31|0x0000000083b00000, 0x0000000083b00000, 0x0000000083c00000|  0%| F|  |TS  0|AC  0|TAMS 0x0000000083b00000, 0x0000000083b00000|
|  32|0x0000000083c00000, 0x0000000083c00000, 0x0000000083d00000|  0%| F|  |TS  0|AC  0|TAMS 0x0000000083c00000, 0x0000000083c00000|
|  33|0x0000000083d00000, 0x0000000083d00000, 0x0000000083e00000|  0%| F|  |TS  0|AC  0|TAMS 0x0000000083d00000, 0x0000000083d00000|
|  34|0x0000000083e00000, 0x0000000083e00000, 0x0000000083f00000|  0%| F|  |TS  0|AC  0|TAMS 0x0000000083e00000, 0x0000000083e00000|
|  35|0x0000000083f00000, 0x0000000083f00000, 0x0000000084000000|  0%| F|  |TS  0|AC  0|TAMS 0x0000000083f00000, 0x0000000083f00000|
|  36|0x0000000084000000, 0x0000000084000000, 0x0000000084100000|  0%| F|  |TS  0|AC  0|TAMS 0x0000000084000000, 0x0000000084000000|
|  37|0x0000000084100000, 0x0000000084100000, 0x0000000084200000|  0%| F|  |TS  0|AC  0|TAMS 0x0000000084100000, 0x0000000084100000|
|  38|0x0000000084200000, 0x0000000084200000, 0x0000000084300000|  0%| F|  |TS  0|AC  0|TAMS 0x0000000084200000, 0x0000000084200000|
|  39|0x0000000084300000, 0x0000000084300000, 0x0000000084400000|  0%| F|  |TS  0|AC  0|TAMS 0x0000000084300000, 0x0000000084300000|
|  40|0x0000000084400000, 0x0000000084400000, 0x0000000084500000|  0%| F|  |TS  0|AC  0|TAMS 0x0000000084400000, 0x0000000084400000|
|  41|0x0000000084500000, 0x0000000084500000, 0x0000000084600000|  0%| F|  |TS  0|AC  0|TAMS 0x0000000084500000, 0x0000000084500000|
|  42|0x0000000084600000, 0x0000000084600000, 0x0000000084700000|  0%| F|  |TS  0|AC  0|TAMS 0x0000000084600000, 0x0000000084600000|
|  43|0x0000000084700000, 0x0000000084700000, 0x0000000084800000|  0%| F|  |TS  0|AC  0|TAMS 0x0000000084700000, 0x0000000084700000|
|  44|0x0000000084800000, 0x0000000084800000, 0x0000000084900000|  0%| F|  |TS  0|AC  0|TAMS 0x0000000084800000, 0x0000000084800000|
|  45|0x0000000084900000, 0x0000000084900000, 0x0000000084a00000|  0%| F|  |TS  0|AC  0|TAMS 0x0000000084900000, 0x0000000084900000|
|  46|0x0000000084a00000, 0x0000000084a00000, 0x0000000084b00000|  0%| F|  |TS  0|AC  0|TAMS 0x0000000084a00000, 0x0000000084a00000|
|  47|0x0000000084b00000, 0x0000000084b00000, 0x0000000084c00000|  0%| F|  |TS  0|AC  0|TAMS 0x0000000084b00000, 0x0000000084b00000|
|  48|0x0000000084c00000, 0x0000000084c00000, 0x0000000084d00000|  0%| F|  |TS  0|AC  0|TAMS 0x0000000084c00000, 0x0000000084c00000|
|  49|0x0000000084d00000, 0x0000000084d00000, 0x0000000084e00000|  0%| F|  |TS  0|AC  0|TAMS 0x0000000084d00000, 0x0000000084d00000|
|  50|0x0000000084e00000, 0x0000000084e00000, 0x0000000084f00000|  0%| F|  |TS  0|AC  0|TAMS 0x0000000084e00000, 0x0000000084e00000|
|  51|0x0000000084f00000, 0x0000000084f00000, 0x0000000085000000|  0%| F|  |TS  0|AC  0|TAMS 0x0000000084f00000, 0x0000000084f00000|
|  52|0x0000000085000000, 0x0000000085000000, 0x0000000085100000|  0%| F|  |TS  0|AC  0|TAMS 0x0000000085000000, 0x0000000085000000|
|  53|0x0000000085100000, 0x0000000085100000, 0x0000000085200000|  0%| F|  |TS  0|AC  0|TAMS 0x0000000085100000, 0x0000000085100000|
|  54|0x0000000085200000, 0x0000000085200000, 0x0000000085300000|  0%| F|  |TS  0|AC  0|TAMS 0x0000000085200000, 0x0000000085200000|
|  55|0x0000000085300000, 0x0000000085300000, 0x0000000085400000|  0%| F|  |TS  0|AC  0|TAMS 0x0000000085300000, 0x0000000085300000|
|  56|0x0000000085400000, 0x0000000085400000, 0x0000000085500000|  0%| F|  |TS  0|AC  0|TAMS 0x0000000085400000, 0x0000000085400000|
|  57|0x0000000085500000, 0x0000000085500000, 0x0000000085600000|  0%| F|  |TS  0|AC  0|TAMS 0x0000000085500000, 0x0000000085500000|
|  58|0x0000000085600000, 0x0000000085600000, 0x0000000085700000|  0%| F|  |TS  0|AC  0|TAMS 0x0000000085600000, 0x0000000085600000|
|  59|0x0000000085700000, 0x0000000085700000, 0x0000000085800000|  0%| F|  |TS  0|AC  0|TAMS 0x0000000085700000, 0x0000000085700000|
|  60|0x0000000085800000, 0x0000000085800000, 0x0000000085900000|  0%| F|  |TS  0|AC  0|TAMS 0x0000000085800000, 0x0000000085800000|
|  61|0x0000000085900000, 0x0000000085900000, 0x0000000085a00000|  0%| F|  |TS  0|AC  0|TAMS 0x0000000085900000, 0x0000000085900000|
|  62|0x0000000085a00000, 0x0000000085a00000, 0x0000000085b00000|  0%| F|  |TS  0|AC  0|TAMS 0x0000000085a00000, 0x0000000085a00000|
|  63|0x0000000085b00000, 0x0000000085b00000, 0x0000000085c00000|  0%| F|  |TS  0|AC  0|TAMS 0x0000000085b00000, 0x0000000085b00000|
|  64|0x0000000085c00000, 0x0000000085c00000, 0x0000000085d00000|  0%| F|  |TS  0|AC  0|TAMS 0x0000000085c00000, 0x0000000085c00000|
|  65|0x0000000085d00000, 0x0000000085d00000, 0x0000000085e00000|  0%| F|  |TS  0|AC  0|TAMS 0x0000000085d00000, 0x0000000085d00000|
|  66|0x0000000085e00000, 0x0000000085e00000, 0x0000000085f00000|  0%| F|  |TS  0|AC  0|TAMS 0x0000000085e00000, 0x0000000085e00000|
|  67|0x0000000085f00000, 0x0000000085f00000, 0x0000000086000000|  0%| F|  |TS  0|AC  0|TAMS 0x0000000085f00000, 0x0000000085f00000|
|  68|0x0000000086000000, 0x0000000086000000, 0x0000000086100000|  0%| F|  |TS  0|AC  0|TAMS 0x0000000086000000, 0x0000000086000000|
|  69|0x0000000086100000, 0x0000000086100000, 0x0000000086200000|  0%| F|  |TS  0|AC  0|TAMS 0x0000000086100000, 0x0000000086100000|
|  70|0x0000000086200000, 0x0000000086200000, 0x0000000086300000|  0%| F|  |TS  0|AC  0|TAMS 0x0000000086200000, 0x0000000086200000|
|  71|0x0000000086300000, 0x0000000086300000, 0x0000000086400000|  0%| F|  |TS  0|AC  0|TAMS 0x0000000086300000, 0x0000000086300000|
|  72|0x0000000086400000, 0x0000000086400000, 0x0000000086500000|  0%| F|  |TS  0|AC  0|TAMS 0x0000000086400000, 0x0000000086400000|
|  73|0x0000000086500000, 0x0000000086500000, 0x0000000086600000|  0%| F|  |TS  0|AC  0|TAMS 0x0000000086500000, 0x0000000086500000|
|  74|0x0000000086600000, 0x0000000086600000, 0x0000000086700000|  0%| F|  |TS  0|AC  0|TAMS 0x0000000086600000, 0x0000000086600000|
|  75|0x0000000086700000, 0x0000000086700000, 0x0000000086800000|  0%| F|  |TS  0|AC  0|TAMS 0x0000000086700000, 0x0000000086700000|
|  76|0x0000000086800000, 0x0000000086800000, 0x0000000086900000|  0%| F|  |TS  0|AC  0|TAMS 0x0000000086800000, 0x0000000086800000|
|  77|0x0000000086900000, 0x0000000086900000, 0x0000000086a00000|  0%| F|  |TS  0|AC  0|TAMS 0x0000000086900000, 0x0000000086900000|
|  78|0x0000000086a00000, 0x0000000086a00000, 0x0000000086b00000|  0%| F|  |TS  0|AC  0|TAMS 0x0000000086a00000, 0x0000000086a00000|
|  79|0x0000000086b00000, 0x0000000086b00000, 0x0000000086c00000|  0%| F|  |TS  0|AC  0|TAMS 0x0000000086b00000, 0x0000000086b00000|
|  80|0x0000000086c00000, 0x0000000086c00000, 0x0000000086d00000|  0%| F|  |TS  0|AC  0|TAMS 0x0000000086c00000, 0x0000000086c00000|
|  81|0x0000000086d00000, 0x0000000086d00000, 0x0000000086e00000|  0%| F|  |TS  0|AC  0|TAMS 0x0000000086d00000, 0x0000000086d00000|
|  82|0x0000000086e00000, 0x0000000086e00000, 0x0000000086f00000|  0%| F|  |TS  0|AC  0|TAMS 0x0000000086e00000, 0x0000000086e00000|
|  83|0x0000000086f00000, 0x0000000086f00000, 0x0000000087000000|  0%| F|  |TS  0|AC  0|TAMS 0x0000000086f00000, 0x0000000086f00000|
|  84|0x0000000087000000, 0x0000000087000000, 0x0000000087100000|  0%| F|  |TS  0|AC  0|TAMS 0x0000000087000000, 0x0000000087000000|
|  85|0x0000000087100000, 0x0000000087100000, 0x0000000087200000|  0%| F|  |TS  0|AC  0|TAMS 0x0000000087100000, 0x0000000087100000|
|  86|0x0000000087200000, 0x0000000087200000, 0x0000000087300000|  0%| F|  |TS  0|AC  0|TAMS 0x0000000087200000, 0x0000000087200000|
|  87|0x0000000087300000, 0x0000000087300000, 0x0000000087400000|  0%| F|  |TS  0|AC  0|TAMS 0x0000000087300000, 0x0000000087300000|
|  88|0x0000000087400000, 0x0000000087400000, 0x0000000087500000|  0%| F|  |TS  0|AC  0|TAMS 0x0000000087400000, 0x0000000087400000|
|  89|0x0000000087500000, 0x0000000087500000, 0x0000000087600000|  0%| F|  |TS  0|AC  0|TAMS 0x0000000087500000, 0x0000000087500000|
|  90|0x0000000087600000, 0x0000000087600000, 0x0000000087700000|  0%| F|  |TS  0|AC  0|TAMS 0x0000000087600000, 0x0000000087600000|
|  91|0x0000000087700000, 0x0000000087700000, 0x0000000087800000|  0%| F|  |TS  0|AC  0|TAMS 0x0000000087700000, 0x0000000087700000|
|  92|0x0000000087800000, 0x0000000087800000, 0x0000000087900000|  0%| F|  |TS  0|AC  0|TAMS 0x0000000087800000, 0x0000000087800000|
|  93|0x0000000087900000, 0x0000000087900000, 0x0000000087a00000|  0%| F|  |TS  0|AC  0|TAMS 0x0000000087900000, 0x0000000087900000|
|  94|0x0000000087a00000, 0x0000000087a00000, 0x0000000087b00000|  0%| F|  |TS  0|AC  0|TAMS 0x0000000087a00000, 0x0000000087a00000|
|  95|0x0000000087b00000, 0x0000000087b00000, 0x0000000087c00000|  0%| F|  |TS  0|AC  0|TAMS 0x0000000087b00000, 0x0000000087b00000|
|  96|0x0000000087c00000, 0x0000000087c00000, 0x0000000087d00000|  0%| F|  |TS  0|AC  0|TAMS 0x0000000087c00000, 0x0000000087c00000|
|  97|0x0000000087d00000, 0x0000000087d00000, 0x0000000087e00000|  0%| F|  |TS  0|AC  0|TAMS 0x0000000087d00000, 0x0000000087d00000|
|  98|0x0000000087e00000, 0x0000000087e00000, 0x0000000087f00000|  0%| F|  |TS  0|AC  0|TAMS 0x0000000087e00000, 0x0000000087e00000|
|  99|0x0000000087f00000, 0x0000000087f00000, 0x0000000088000000|  0%| F|  |TS  0|AC  0|TAMS 0x0000000087f00000, 0x0000000087f00000|
| 100|0x0000000088000000, 0x0000000088000000, 0x0000000088100000|  0%| F|  |TS  0|AC  0|TAMS 0x0000000088000000, 0x0000000088000000|
| 101|0x0000000088100000, 0x0000000088100000, 0x0000000088200000|  0%| F|  |TS  0|AC  0|TAMS 0x0000000088100000, 0x0000000088100000|
| 102|0x0000000088200000, 0x0000000088200000, 0x0000000088300000|  0%| F|  |TS  0|AC  0|TAMS 0x0000000088200000, 0x0000000088200000|
| 103|0x0000000088300000, 0x0000000088300000, 0x0000000088400000|  0%| F|  |TS  0|AC  0|TAMS 0x0000000088300000, 0x0000000088300000|
| 104|0x0000000088400000, 0x0000000088400000, 0x0000000088500000|  0%| F|  |TS  0|AC  0|TAMS 0x0000000088400000, 0x0000000088400000|
| 105|0x0000000088500000, 0x0000000088500000, 0x0000000088600000|  0%| F|  |TS  0|AC  0|TAMS 0x0000000088500000, 0x0000000088500000|
| 106|0x0000000088600000, 0x0000000088600000, 0x0000000088700000|  0%| F|  |TS  0|AC  0|TAMS 0x0000000088600000, 0x0000000088600000|
| 107|0x0000000088700000, 0x0000000088700000, 0x0000000088800000|  0%| F|  |TS  0|AC  0|TAMS 0x0000000088700000, 0x0000000088700000|
| 108|0x0000000088800000, 0x0000000088800000, 0x0000000088900000|  0%| F|  |TS  0|AC  0|TAMS 0x0000000088800000, 0x0000000088800000|
| 109|0x0000000088900000, 0x0000000088900000, 0x0000000088a00000|  0%| F|  |TS  0|AC  0|TAMS 0x0000000088900000, 0x0000000088900000|
| 110|0x0000000088a00000, 0x0000000088a00000, 0x0000000088b00000|  0%| F|  |TS  0|AC  0|TAMS 0x0000000088a00000, 0x0000000088a00000|
| 111|0x0000000088b00000, 0x0000000088b00000, 0x0000000088c00000|  0%| F|  |TS  0|AC  0|TAMS 0x0000000088b00000, 0x0000000088b00000|
| 112|0x0000000088c00000, 0x0000000088c00000, 0x0000000088d00000|  0%| F|  |TS  0|AC  0|TAMS 0x0000000088c00000, 0x0000000088c00000|
| 113|0x0000000088d00000, 0x0000000088d00000, 0x0000000088e00000|  0%| F|  |TS  0|AC  0|TAMS 0x0000000088d00000, 0x0000000088d00000|
| 114|0x0000000088e00000, 0x0000000088e00000, 0x0000000088f00000|  0%| F|  |TS  0|AC  0|TAMS 0x0000000088e00000, 0x0000000088e00000|
| 115|0x0000000088f00000, 0x0000000088f00000, 0x0000000089000000|  0%| F|  |TS  0|AC  0|TAMS 0x0000000088f00000, 0x0000000088f00000|
| 116|0x0000000089000000, 0x0000000089000000, 0x0000000089100000|  0%| F|  |TS  0|AC  0|TAMS 0x0000000089000000, 0x0000000089000000|
| 117|0x0000000089100000, 0x0000000089100000, 0x0000000089200000|  0%| F|  |TS  0|AC  0|TAMS 0x0000000089100000, 0x0000000089100000|
| 118|0x0000000089200000, 0x0000000089200000, 0x0000000089300000|  0%| F|  |TS  0|AC  0|TAMS 0x0000000089200000, 0x0000000089200000|
| 119|0x0000000089300000, 0x0000000089300000, 0x0000000089400000|  0%| F|  |TS  0|AC  0|TAMS 0x0000000089300000, 0x0000000089300000|
| 120|0x0000000089400000, 0x0000000089400000, 0x0000000089500000|  0%| F|  |TS  0|AC  0|TAMS 0x0000000089400000, 0x0000000089400000|
| 121|0x0000000089500000, 0x0000000089500000, 0x0000000089600000|  0%| F|  |TS  0|AC  0|TAMS 0x0000000089500000, 0x0000000089500000|
| 122|0x0000000089600000, 0x0000000089600000, 0x0000000089700000|  0%| F|  |TS  0|AC  0|TAMS 0x0000000089600000, 0x0000000089600000|
| 123|0x0000000089700000, 0x0000000089700000, 0x0000000089800000|  0%| F|  |TS  0|AC  0|TAMS 0x0000000089700000, 0x0000000089700000|
| 124|0x0000000089800000, 0x0000000089800000, 0x0000000089900000|  0%| F|  |TS  0|AC  0|TAMS 0x0000000089800000, 0x0000000089800000|
| 125|0x0000000089900000, 0x0000000089900000, 0x0000000089a00000|  0%| F|  |TS  0|AC  0|TAMS 0x0000000089900000, 0x0000000089900000|
| 126|0x0000000089a00000, 0x0000000089ad8568, 0x0000000089b00000| 84%| E|  |TS  0|AC  0|TAMS 0x0000000089a00000, 0x0000000089a00000|
| 127|0x0000000089b00000, 0x0000000089c00000, 0x0000000089c00000|100%| E|CS|TS  0|AC  0|TAMS 0x0000000089b00000, 0x0000000089b00000|

Card table byte_map: [0x00000298a2de0000,0x00000298a31e0000] byte_map_base: 0x00000298a29d2000

Marking Bits (Prev, Next): (CMBitMap*) 0x00000298886dd140, (CMBitMap*) 0x00000298886dd178
 Prev Bits: [0x00000298a35e0000, 0x00000298a5570000)
 Next Bits: [0x00000298a5570000, 0x00000298a7500000)

Polling page: 0x0000029886510000

CodeHeap 'non-profiled nmethods': size=120064Kb used=34Kb max_used=34Kb free=120029Kb
 bounds [0x000002989b4a0000, 0x000002989b710000, 0x00000298a29e0000]
CodeHeap 'profiled nmethods': size=120000Kb used=192Kb max_used=192Kb free=119807Kb
 bounds [0x0000029893f70000, 0x00000298941e0000, 0x000002989b4a0000]
CodeHeap 'non-nmethods': size=5696Kb used=1019Kb max_used=1030Kb free=4676Kb
 bounds [0x00000298939e0000, 0x0000029893c50000, 0x0000029893f70000]
 total_blobs=491 nmethods=140 adapters=204
 compilation: enabled

Compilation events (10 events):
Event: 0.134 Thread 0x00000298a9a11000  137       3       java.util.Objects::checkIndex (7 bytes)
Event: 0.135 Thread 0x00000298a9a11000 nmethod 137 0x0000029893f9d990 code [0x0000029893f9dba0, 0x0000029893f9e270]
Event: 0.135 Thread 0x00000298a9a0b000  138       4       java.lang.String::coder (15 bytes)
Event: 0.135 Thread 0x00000298a9a11000  139       3       java.lang.StringCoding::hasNegatives (25 bytes)
Event: 0.135 Thread 0x00000298a9a11000 nmethod 139 0x0000029893f9e490 code [0x0000029893f9e660, 0x0000029893f9e8b8]
Event: 0.135 Thread 0x00000298a9a11000  140       3       java.lang.String::getBytes (44 bytes)
Event: 0.135 Thread 0x00000298a9a0b000 nmethod 138 0x000002989b4a8790 code [0x000002989b4a8920, 0x000002989b4a8978]
Event: 0.135 Thread 0x00000298a9a11000 nmethod 140 0x0000029893f9ea10 code [0x0000029893f9ec00, 0x0000029893f9efa0]
Event: 0.138 Thread 0x00000298a9a11000  141       3       java.util.concurrent.ConcurrentHashMap::get (162 bytes)
Event: 0.139 Thread 0x00000298a9a11000 nmethod 141 0x0000029893f9f110 code [0x0000029893f9f380, 0x0000029893fa0000]

GC Heap History (0 events):
No events

Deoptimization events (1 events):
Event: 0.083 Thread 0x000002988864d800 Uncommon trap: reason=unstable_if action=reinterpret pc=0x000002989b4a42f0 method=java.lang.String.hashCode()I @ 14 c2

Classes redefined (0 events):
No events

Internal exceptions (0 events):
No events

Events (10 events):
Event: 0.135 loading class java/lang/SecurityException
Event: 0.135 loading class java/lang/SecurityException done
Event: 0.136 loading class jssc/SerialPortTimeoutException
Event: 0.136 loading class jssc/SerialPortTimeoutException done
Event: 0.137 loading class jssc/SerialNativeInterface
Event: 0.137 loading class jssc/SerialNativeInterface done
Event: 0.139 loading class java/io/Reader
Event: 0.139 loading class java/io/Reader done
Event: 0.139 loading class java/io/InputStreamReader
Event: 0.139 loading class java/io/InputStreamReader done


Dynamic libraries:
0x00007ff62c1d0000 - 0x00007ff62c20e000 	C:\Program Files\Java\jdk-10.0.2\bin\java.exe
0x00007ff9c5320000 - 0x00007ff9c5501000 	C:\WINDOWS\SYSTEM32\ntdll.dll
0x00007ff9c44a0000 - 0x00007ff9c4552000 	C:\WINDOWS\System32\KERNEL32.DLL
0x00007ff9c22c0000 - 0x00007ff9c2533000 	C:\WINDOWS\System32\KERNELBASE.dll
0x00007ff9c4560000 - 0x00007ff9c4601000 	C:\WINDOWS\System32\ADVAPI32.dll
0x00007ff9c48f0000 - 0x00007ff9c498e000 	C:\WINDOWS\System32\msvcrt.dll
0x00007ff9c27b0000 - 0x00007ff9c280b000 	C:\WINDOWS\System32\sechost.dll
0x00007ff9c2860000 - 0x00007ff9c2984000 	C:\WINDOWS\System32\RPCRT4.dll
0x00007ff9c4c90000 - 0x00007ff9c4e20000 	C:\WINDOWS\System32\USER32.dll
0x00007ff9c2000000 - 0x00007ff9c2020000 	C:\WINDOWS\System32\win32u.dll
0x00007ff9c41e0000 - 0x00007ff9c4208000 	C:\WINDOWS\System32\GDI32.dll
0x00007ff9c16f0000 - 0x00007ff9c1882000 	C:\WINDOWS\System32\gdi32full.dll
0x00007ff9c2020000 - 0x00007ff9c20bf000 	C:\WINDOWS\System32\msvcp_win.dll
0x00007ff9c21c0000 - 0x00007ff9c22ba000 	C:\WINDOWS\System32\ucrtbase.dll
0x00007ff9b2110000 - 0x00007ff9b2379000 	C:\WINDOWS\WinSxS\amd64_microsoft.windows.common-controls_6595b64144ccf1df_6.0.17134.345_none_fb429a5930656358\COMCTL32.dll
0x00007ff9b6510000 - 0x00007ff9b651a000 	C:\WINDOWS\SYSTEM32\VERSION.dll
0x00007ff9c2990000 - 0x00007ff9c2cb3000 	C:\WINDOWS\System32\combase.dll
0x00007ff9c2730000 - 0x00007ff9c27aa000 	C:\WINDOWS\System32\bcryptPrimitives.dll
0x00007ff9c2810000 - 0x00007ff9c283d000 	C:\WINDOWS\System32\IMM32.DLL
0x00007ff9aa280000 - 0x00007ff9aa36f000 	C:\Program Files\Java\jdk-10.0.2\bin\msvcr120.dll
0x00007ff9ad3c0000 - 0x00007ff9ad466000 	C:\Program Files\Java\jdk-10.0.2\bin\msvcp120.dll
0x0000000072390000 - 0x0000000072e00000 	C:\Program Files\Java\jdk-10.0.2\bin\server\jvm.dll
0x00007ff9c41c0000 - 0x00007ff9c41c8000 	C:\WINDOWS\System32\PSAPI.DLL
0x00007ff9bf5e0000 - 0x00007ff9bf603000 	C:\WINDOWS\SYSTEM32\WINMM.dll
0x00007ff9bce80000 - 0x00007ff9bce89000 	C:\WINDOWS\SYSTEM32\WSOCK32.dll
0x00007ff9c43d0000 - 0x00007ff9c443c000 	C:\WINDOWS\System32\WS2_32.dll
0x00007ff9bf580000 - 0x00007ff9bf5aa000 	C:\WINDOWS\SYSTEM32\WINMMBASE.dll
0x00007ff9c2170000 - 0x00007ff9c21b9000 	C:\WINDOWS\System32\cfgmgr32.dll
0x00007ff9c0fe0000 - 0x00007ff9c0fef000 	C:\Program Files\Java\jdk-10.0.2\bin\verify.dll
0x00007ff9c1180000 - 0x00007ff9c1349000 	C:\WINDOWS\SYSTEM32\DBGHELP.DLL
0x00007ff9c0f20000 - 0x00007ff9c0f49000 	C:\WINDOWS\SYSTEM32\dbgcore.DLL
0x00007ff9b89e0000 - 0x00007ff9b8a07000 	C:\Program Files\Java\jdk-10.0.2\bin\java.dll
0x00007ff9bdf70000 - 0x00007ff9bdf86000 	C:\Program Files\Java\jdk-10.0.2\bin\zip.dll
0x00007ff9bce90000 - 0x00007ff9bce9a000 	C:\Program Files\Java\jdk-10.0.2\bin\jimage.dll
0x00007ff9c2cc0000 - 0x00007ff9c40ff000 	C:\WINDOWS\System32\SHELL32.dll
0x00007ff9c4840000 - 0x00007ff9c48e9000 	C:\WINDOWS\System32\shcore.dll
0x00007ff9c18f0000 - 0x00007ff9c1ffd000 	C:\WINDOWS\System32\windows.storage.dll
0x00007ff9c4160000 - 0x00007ff9c41b1000 	C:\WINDOWS\System32\shlwapi.dll
0x00007ff9c1660000 - 0x00007ff9c1671000 	C:\WINDOWS\System32\kernel.appcore.dll
0x00007ff9c1680000 - 0x00007ff9c169f000 	C:\WINDOWS\System32\profapi.dll
0x00007ff9c16a0000 - 0x00007ff9c16ec000 	C:\WINDOWS\System32\powrprof.dll
0x00007ff9c1650000 - 0x00007ff9c165a000 	C:\WINDOWS\System32\FLTLIB.DLL
0x00007ff9b87c0000 - 0x00007ff9b87da000 	C:\Program Files\Java\jdk-10.0.2\bin\net.dll
0x00007ff9bc6c0000 - 0x00007ff9bc79c000 	C:\WINDOWS\SYSTEM32\WINHTTP.dll
0x00007ff9c0af0000 - 0x00007ff9c0b56000 	C:\WINDOWS\system32\mswsock.dll
0x00007ff9b8660000 - 0x00007ff9b8671000 	C:\Program Files\Java\jdk-10.0.2\bin\nio.dll
0x000000006a000000 - 0x000000006a025000 	C:\Users\Piotr\.jssc\windows\jSSC-2.6_x86_64.dll

dbghelp: loaded successfully - version: 4.0.5 - missing functions: none
symbol engine: initialized successfully - sym options: 0x614 - pdb path: .;C:\Program Files\Java\jdk-10.0.2\bin;C:\WINDOWS\SYSTEM32;C:\WINDOWS\WinSxS\amd64_microsoft.windows.common-controls_6595b64144ccf1df_6.0.17134.345_none_fb429a5930656358;C:\Program Files\Java\jdk-10.0.2\bin\server;C:\Users\Piotr\.jssc\windows

VM Arguments:
jvm_args: -Dfile.encoding=windows-1250 
java_command: D:\Studia\Sem. 7\Multimedia\v01\dist\visca.jar COM5
java_class_path (initial): D:\Studia\Sem. 7\Multimedia\v01\dist\visca.jar
Launcher Type: SUN_STANDARD

Logging:
Log output configuration:
#0: stdout all=warning uptime,level,tags
#1: stderr all=off uptime,level,tags

Environment Variables:
JAVA_HOME=C:\Program Files\Java\jdk1.8.0_144
PATH=D:\Programy10\ActiveTCL\bin;C:\Program Files (x86)\Common Files\Oracle\Java\javapath;C:\ProgramData\Oracle\Java\javapath;C:\WINDOWS\system32;C:\WINDOWS;C:\WINDOWS\System32\Wbem;C:\WINDOWS\System32\WindowsPowerShell\v1.0\;C:\Program Files (x86)\NVIDIA Corporation\PhysX\Common;C:\Program Files\OpenVPN\bin;D:\Programy10\PuTTY\;D:\Programy10\Git\cmd;C:\WINDOWS\system32;C:\WINDOWS;C:\WINDOWS\System32\Wbem;C:\WINDOWS\System32\WindowsPowerShell\v1.0\;C:\Users\Piotr\AppData\Local\Programs\Python\Python36;C:\Users\Piotr\AppData\Local\Programs\Python\Python36\Scripts;C:\Program Files\apache-maven-3.5.3\bin;D:\Programy10\wildfly-10.1.0.Final\bin;C:\Program Files\Java\jdk1.8.0_144\bin;C:\WINDOWS\System32\OpenSSH\;D:\Programy\CodeBlocks\MinGW\bin;C:\Users\Piotr\AppData\Local\Microsoft\WindowsApps;D:\Programy10\MiKTeX 2.9\miktex\bin\x64\;C:\Users\Piotr\AppData\Local\Programs\EmEditor
USERNAME=Piotr
OS=Windows_NT
PROCESSOR_IDENTIFIER=Intel64 Family 6 Model 60 Stepping 3, GenuineIntel



---------------  S Y S T E M  ---------------

OS: Windows 10 , 64 bit Build 17134 (10.0.17134.1)

CPU:total 4 (initial active 4) (2 cores per cpu, 2 threads per core) family 6 model 60 stepping 3, cmov, cx8, fxsr, mmx, sse, sse2, sse3, ssse3, sse4.1, sse4.2, popcnt, avx, avx2, aes, clmul, erms, lzcnt, ht, tsc, tscinvbit, bmi1, bmi2, fma

Memory: 4k page, physical 8268828k(4225216k free), swap 11585724k(6705040k free)

vm_info: Java HotSpot(TM) 64-Bit Server VM (10.0.2+13) for windows-amd64 JRE (10.0.2+13), built on Jun 28 2018 01:57:56 by "mach5one" with MS VC++ 12.0 (VS2013)

END.
